<?xml version="1.0" encoding="UTF-8"?>
<!-- Generated by org.testng.reporters.JUnitReportReporter -->
<testsuite hostname="DESKTOP-EGT0M14" failures="0" tests="1" name="rahulshettyacademy.SeleniumFrameWorkDesign.tests.ErrorValidation" time="17.586" errors="0" timestamp="2024-02-16T20:03:05 IST" skipped="0">
  <testcase classname="rahulshettyacademy.SeleniumFrameWorkDesign.tests.ErrorValidation" name="submitorder" time="17.586"/>
</testsuite> <!-- rahulshettyacademy.SeleniumFrameWorkDesign.tests.ErrorValidation -->
