<?xml version="1.0" encoding="UTF-8"?>
<!-- Generated by org.testng.reporters.JUnitReportReporter -->
<testsuite hostname="DESKTOP-EGT0M14" failures="0" tests="1" name="Cucumber.TestngTestrunner" time="38.515" errors="0" timestamp="2024-02-17T21:42:37 IST" skipped="0">
  <testcase classname="Cucumber.TestngTestrunner" name="runScenario" time="38.515"/>
</testsuite> <!-- Cucumber.TestngTestrunner -->
